0 info it worked if it ends with ok
1 verbose cli [ 'c:\\Program Files\\nodejs\\node.exe',
1 verbose cli   'c:\\Program Files\\nodejs\\node_modules\\npm\\bin\\npm-cli.js',
1 verbose cli   'install',
1 verbose cli   'gulp-browserify',
1 verbose cli   'gulp-concat',
1 verbose cli   '..save' ]
2 info using npm@1.4.28
3 info using node@v0.10.33
4 warn package.json riaht2014@0.0.2 No repository field.
5 verbose readDependencies using package.json deps
6 verbose cache add [ 'gulp-browserify', null ]
7 verbose cache add name=undefined spec="gulp-browserify" args=["gulp-browserify",null]
8 verbose parsed url { protocol: null,
8 verbose parsed url   slashes: null,
8 verbose parsed url   auth: null,
8 verbose parsed url   host: null,
8 verbose parsed url   port: null,
8 verbose parsed url   hostname: null,
8 verbose parsed url   hash: null,
8 verbose parsed url   search: null,
8 verbose parsed url   query: null,
8 verbose parsed url   pathname: 'gulp-browserify',
8 verbose parsed url   path: 'gulp-browserify',
8 verbose parsed url   href: 'gulp-browserify' }
9 verbose cache add [ 'gulp-concat', null ]
10 verbose cache add name=undefined spec="gulp-concat" args=["gulp-concat",null]
11 verbose parsed url { protocol: null,
11 verbose parsed url   slashes: null,
11 verbose parsed url   auth: null,
11 verbose parsed url   host: null,
11 verbose parsed url   port: null,
11 verbose parsed url   hostname: null,
11 verbose parsed url   hash: null,
11 verbose parsed url   search: null,
11 verbose parsed url   query: null,
11 verbose parsed url   pathname: 'gulp-concat',
11 verbose parsed url   path: 'gulp-concat',
11 verbose parsed url   href: 'gulp-concat' }
12 verbose cache add [ '..save', null ]
13 verbose cache add name=undefined spec="..save" args=["..save",null]
14 verbose parsed url { protocol: null,
14 verbose parsed url   slashes: null,
14 verbose parsed url   auth: null,
14 verbose parsed url   host: null,
14 verbose parsed url   port: null,
14 verbose parsed url   hostname: null,
14 verbose parsed url   hash: null,
14 verbose parsed url   search: null,
14 verbose parsed url   query: null,
14 verbose parsed url   pathname: '..save',
14 verbose parsed url   path: '..save',
14 verbose parsed url   href: '..save' }
15 silly lockFile f81d5b93-gulp-browserify gulp-browserify
16 verbose lock gulp-browserify C:\Users\Sofia\AppData\Roaming\npm-cache\f81d5b93-gulp-browserify.lock
17 silly lockFile a9575072-gulp-concat gulp-concat
18 verbose lock gulp-concat C:\Users\Sofia\AppData\Roaming\npm-cache\a9575072-gulp-concat.lock
19 silly lockFile f0842d2c-save ..save
20 verbose lock ..save C:\Users\Sofia\AppData\Roaming\npm-cache\f0842d2c-save.lock
21 silly lockFile f81d5b93-gulp-browserify gulp-browserify
22 silly lockFile f81d5b93-gulp-browserify gulp-browserify
23 silly lockFile f0842d2c-save ..save
24 silly lockFile f0842d2c-save ..save
25 silly lockFile a9575072-gulp-concat gulp-concat
26 silly lockFile a9575072-gulp-concat gulp-concat
27 verbose addNamed [ 'gulp-browserify', '' ]
28 verbose addNamed [ null, '*' ]
29 silly lockFile 24eaa615-gulp-browserify gulp-browserify@
30 verbose lock gulp-browserify@ C:\Users\Sofia\AppData\Roaming\npm-cache\24eaa615-gulp-browserify.lock
31 error addLocal Could not install ..save
32 verbose addNamed [ 'gulp-concat', '' ]
33 verbose addNamed [ null, '*' ]
34 silly lockFile 190d832a-gulp-concat gulp-concat@
35 verbose lock gulp-concat@ C:\Users\Sofia\AppData\Roaming\npm-cache\190d832a-gulp-concat.lock
36 silly addNameRange { name: 'gulp-browserify', range: '*', hasData: false }
37 silly addNameRange { name: 'gulp-concat', range: '*', hasData: false }
38 verbose request where is /gulp-browserify
39 verbose request registry https://registry.npmjs.org/
40 verbose request id f458e54ab1fee869
41 verbose url raw /gulp-browserify
42 verbose url resolving [ 'https://registry.npmjs.org/', './gulp-browserify' ]
43 verbose url resolved https://registry.npmjs.org/gulp-browserify
44 verbose request where is https://registry.npmjs.org/gulp-browserify
45 info trying registry request attempt 1 at 20:12:56
46 verbose etag "EFJTBHQVBMMYA9IWKZXUF7ELB"
47 http GET https://registry.npmjs.org/gulp-browserify
48 verbose request where is /gulp-concat
49 verbose request registry https://registry.npmjs.org/
50 verbose url raw /gulp-concat
51 verbose url resolving [ 'https://registry.npmjs.org/', './gulp-concat' ]
52 verbose url resolved https://registry.npmjs.org/gulp-concat
53 verbose request where is https://registry.npmjs.org/gulp-concat
54 info trying registry request attempt 1 at 20:12:56
55 verbose etag "22DQCITF1TC11LCXXAURTEFUG"
56 http GET https://registry.npmjs.org/gulp-concat
57 http 304 https://registry.npmjs.org/gulp-concat
58 silly registry.get cb [ 304,
58 silly registry.get   { date: 'Wed, 05 Nov 2014 19:12:56 GMT',
58 silly registry.get     server: 'Apache',
58 silly registry.get     via: '1.1 varnish',
58 silly registry.get     'last-modified': 'Wed, 05 Nov 2014 19:12:56 GMT',
58 silly registry.get     'cache-control': 'max-age=60',
58 silly registry.get     etag: '"22DQCITF1TC11LCXXAURTEFUG"',
58 silly registry.get     age: '37',
58 silly registry.get     'x-served-by': 'cache-ams4149-AMS',
58 silly registry.get     'x-cache': 'HIT',
58 silly registry.get     'x-cache-hits': '1',
58 silly registry.get     'x-timer': 'S1415214776.359415,VS0,VE0',
58 silly registry.get     vary: 'Accept',
58 silly registry.get     'content-length': '0',
58 silly registry.get     'keep-alive': 'timeout=10, max=50',
58 silly registry.get     connection: 'Keep-Alive' } ]
59 verbose etag https://registry.npmjs.org/gulp-concat from cache
60 silly addNameRange number 2 { name: 'gulp-concat', range: '*', hasData: true }
61 silly addNameRange versions [ 'gulp-concat',
61 silly addNameRange   [ '0.0.1',
61 silly addNameRange     '1.0.0',
61 silly addNameRange     '1.1.0',
61 silly addNameRange     '2.0.0',
61 silly addNameRange     '2.1.0',
61 silly addNameRange     '2.1.1',
61 silly addNameRange     '2.1.2',
61 silly addNameRange     '2.1.3',
61 silly addNameRange     '2.1.4',
61 silly addNameRange     '2.1.5',
61 silly addNameRange     '2.1.6',
61 silly addNameRange     '2.1.7',
61 silly addNameRange     '2.2.0',
61 silly addNameRange     '2.3.0',
61 silly addNameRange     '2.3.3',
61 silly addNameRange     '2.3.4',
61 silly addNameRange     '2.3.5',
61 silly addNameRange     '2.4.0',
61 silly addNameRange     '2.4.1' ] ]
62 verbose addNamed [ 'gulp-concat', '2.4.1' ]
63 verbose addNamed [ '2.4.1', '2.4.1' ]
64 silly lockFile 248ae42e-gulp-concat-2-4-1 gulp-concat@2.4.1
65 verbose lock gulp-concat@2.4.1 C:\Users\Sofia\AppData\Roaming\npm-cache\248ae42e-gulp-concat-2-4-1.lock
66 silly lockFile 86ce1ad4-ulp-concat-gulp-concat-2-4-1-tgz https://registry.npmjs.org/gulp-concat/-/gulp-concat-2.4.1.tgz
67 verbose lock https://registry.npmjs.org/gulp-concat/-/gulp-concat-2.4.1.tgz C:\Users\Sofia\AppData\Roaming\npm-cache\86ce1ad4-ulp-concat-gulp-concat-2-4-1-tgz.lock
68 verbose addRemoteTarball [ 'https://registry.npmjs.org/gulp-concat/-/gulp-concat-2.4.1.tgz',
68 verbose addRemoteTarball   '3097eb348a306708f400cf86cfb7d03ca5a55c94' ]
69 info retry fetch attempt 1 at 20:12:56
70 verbose fetch to= C:\Users\Sofia\AppData\Local\Temp\npm-3132-AETbfu5y\registry.npmjs.org\gulp-concat\-\gulp-concat-2.4.1.tgz
71 http GET https://registry.npmjs.org/gulp-concat/-/gulp-concat-2.4.1.tgz
72 http 200 https://registry.npmjs.org/gulp-concat/-/gulp-concat-2.4.1.tgz
73 silly lockFile 86ce1ad4-ulp-concat-gulp-concat-2-4-1-tgz https://registry.npmjs.org/gulp-concat/-/gulp-concat-2.4.1.tgz
74 silly lockFile 86ce1ad4-ulp-concat-gulp-concat-2-4-1-tgz https://registry.npmjs.org/gulp-concat/-/gulp-concat-2.4.1.tgz
75 silly lockFile 248ae42e-gulp-concat-2-4-1 gulp-concat@2.4.1
76 silly lockFile 248ae42e-gulp-concat-2-4-1 gulp-concat@2.4.1
77 silly lockFile 190d832a-gulp-concat gulp-concat@
78 silly lockFile 190d832a-gulp-concat gulp-concat@
79 http 304 https://registry.npmjs.org/gulp-browserify
80 silly registry.get cb [ 304,
80 silly registry.get   { date: 'Wed, 05 Nov 2014 19:12:56 GMT',
80 silly registry.get     server: 'Apache',
80 silly registry.get     via: '1.1 varnish',
80 silly registry.get     'last-modified': 'Wed, 05 Nov 2014 19:12:57 GMT',
80 silly registry.get     'cache-control': 'max-age=60',
80 silly registry.get     etag: '"EFJTBHQVBMMYA9IWKZXUF7ELB"',
80 silly registry.get     age: '0',
80 silly registry.get     'x-served-by': 'cache-ams4128-AMS',
80 silly registry.get     'x-cache': 'MISS',
80 silly registry.get     'x-cache-hits': '0',
80 silly registry.get     'x-timer': 'S1415214776.378065,VS0,VE660',
80 silly registry.get     vary: 'Accept',
80 silly registry.get     'content-length': '0',
80 silly registry.get     'keep-alive': 'timeout=10, max=50',
80 silly registry.get     connection: 'Keep-Alive' } ]
81 verbose etag https://registry.npmjs.org/gulp-browserify from cache
82 silly addNameRange number 2 { name: 'gulp-browserify', range: '*', hasData: true }
83 silly addNameRange versions [ 'gulp-browserify',
83 silly addNameRange   [ '0.1.0',
83 silly addNameRange     '0.1.1',
83 silly addNameRange     '0.1.2',
83 silly addNameRange     '0.2.2',
83 silly addNameRange     '0.2.3',
83 silly addNameRange     '0.2.4',
83 silly addNameRange     '0.2.5',
83 silly addNameRange     '0.2.6',
83 silly addNameRange     '0.2.7',
83 silly addNameRange     '0.3.0',
83 silly addNameRange     '0.3.1',
83 silly addNameRange     '0.3.2',
83 silly addNameRange     '0.3.3',
83 silly addNameRange     '0.3.4',
83 silly addNameRange     '0.4.0',
83 silly addNameRange     '0.4.1',
83 silly addNameRange     '0.4.2',
83 silly addNameRange     '0.4.3',
83 silly addNameRange     '0.4.4',
83 silly addNameRange     '0.4.5',
83 silly addNameRange     '0.4.6',
83 silly addNameRange     '0.5.0' ] ]
84 verbose addNamed [ 'gulp-browserify', '0.5.0' ]
85 verbose addNamed [ '0.5.0', '0.5.0' ]
86 silly lockFile 29ca95c5-gulp-browserify-0-5-0 gulp-browserify@0.5.0
87 verbose lock gulp-browserify@0.5.0 C:\Users\Sofia\AppData\Roaming\npm-cache\29ca95c5-gulp-browserify-0-5-0.lock
88 silly lockFile 29ca95c5-gulp-browserify-0-5-0 gulp-browserify@0.5.0
89 silly lockFile 29ca95c5-gulp-browserify-0-5-0 gulp-browserify@0.5.0
90 silly lockFile 24eaa615-gulp-browserify gulp-browserify@
91 silly lockFile 24eaa615-gulp-browserify gulp-browserify@
92 error Error: ENOENT, stat 'c:\Users\Sofia\documents\ria_guild\riaht2014\..save'
93 error If you need help, you may report this *entire* log,
93 error including the npm and node versions, at:
93 error     <http://github.com/npm/npm/issues>
94 error System Windows_NT 6.1.7601
95 error command "c:\\Program Files\\nodejs\\node.exe" "c:\\Program Files\\nodejs\\node_modules\\npm\\bin\\npm-cli.js" "install" "gulp-browserify" "gulp-concat" "..save"
96 error cwd c:\Users\Sofia\documents\ria_guild\riaht2014
97 error node -v v0.10.33
98 error npm -v 1.4.28
99 error path c:\Users\Sofia\documents\ria_guild\riaht2014\..save
100 error code ENOENT
101 error errno 34
102 verbose exit [ 34, true ]
